<?xml version="1.0" encoding="UTF-8"?>
<testsuite xmlns:xsi="http://www.w3.org/2001/XMLSchema-instance" xsi:noNamespaceSchemaLocation="https://maven.apache.org/surefire/maven-surefire-plugin/xsd/surefire-test-report-3.0.xsd" version="3.0" name="com.mycompany.app.AppTest" time="0.014" tests="1" errors="0" skipped="0" failures="0">
  <properties>
    <property name="socksProxyHost" value="127.0.0.1"/>
    <property name="java.specification.version" value="21"/>
    <property name="sun.jnu.encoding" value="UTF-8"/>
    <property name="java.class.path" value="/Users/zongz/Workspace/JavaTest/my-app/target/test-classes:/Users/zongz/Workspace/JavaTest/my-app/target/classes:/Users/zongz/.m2/repository/junit/junit/3.8.1/junit-3.8.1.jar:"/>
    <property name="java.vm.vendor" value="Homebrew"/>
    <property name="sun.arch.data.model" value="64"/>
    <property name="maven.resolver.transport" value="wagon"/>
    <property name="java.vendor.url" value="https://github.com/Homebrew/homebrew-core/issues"/>
    <property name="os.name" value="Mac OS X"/>
    <property name="java.vm.specification.version" value="21"/>
    <property name="sun.java.launcher" value="SUN_STANDARD"/>
    <property name="user.country" value="CN"/>
    <property name="sun.boot.library.path" value="/opt/homebrew/Cellar/openjdk/21.0.2/libexec/openjdk.jdk/Contents/Home/lib"/>
    <property name="sun.java.command" value="/Users/zongz/Workspace/JavaTest/my-app/target/surefire/surefirebooter-20240418180544780_3.jar /Users/zongz/Workspace/JavaTest/my-app/target/surefire 2024-04-18T18-05-44_742-jvmRun1 surefire-20240418180544780_1tmp surefire_0-20240418180544780_2tmp"/>
    <property name="http.nonProxyHosts" value="360.cn|*.360.cn|ali.com|*.ali.com|alibaba-inc.com|*.alibaba-inc.com|alibaba.com|*.alibaba.com|alibaba.net|*.alibaba.net|alibabacorp.com|*.alibabacorp.com|alicdn.com|*.alicdn.com|alikunlun.com|*.alikunlun.com|alipay-corp.com|*.alipay-corp.com|alipay-inc.com|*.alipay-inc.com|alipay.com|*.alipay.com|alipay.net|*.alipay.net|alipayobjects.com|*.alipayobjects.com|alistatic.com|*.alistatic.com|alitrip.com|*.alitrip.com|aliway.com|*.aliway.com|aliyun-inc.com|*.aliyun-inc.com|aliyun.com|*.aliyun.com|aliyuncs.com|*.aliyuncs.com|alizoo.com|*.alizoo.com|amap.com|*.amap.com|antdigital.com|*.antdigital.com|antfin-inc.com|*.antfin-inc.com|antfin.com|*.antfin.com|antfinancial-corp.com|*.antfinancial-corp.com|antgroup-inc.cn|*.antgroup-inc.cn|antsdaq-corp.com|*.antsdaq-corp.com|anyproxy.io|*.anyproxy.io|appx.dev|*.appx.dev|appx.run|*.appx.run|apsaraun.com|*.apsaraun.com|atatech.org|*.atatech.org|axintrip.com|*.axintrip.com|baidu.com|*.baidu.com|cainiao-inc.com|*.cainiao-inc.com|cnzz.com|*.cnzz.com|dingtalk.com|*.dingtalk.com|dingtalkapps.com|*.dingtalkapps.com|drophone-hive.com|*.drophone-hive.com|drophone.com|*.drophone.com|ebanma.com|*.ebanma.com|effirst.com|*.effirst.com|ele.me|*.ele.me|ele.to|*.ele.to|eleme.cn|*.eleme.cn|eleme.com.cn|*.eleme.com.cn|eleme.io|*.eleme.io|elemecdn.cn|*.elemecdn.cn|elemecdn.com|*.elemecdn.com|elenet.me|*.elenet.me|fliggy.com|*.fliggy.com|gts.work|*.gts.work|hemaos.com|*.hemaos.com|ialicdn.com|*.ialicdn.com|keruyun.com|*.keruyun.com|koubei-corp.com|*.koubei-corp.com|laifengmi.com|*.laifengmi.com|lazada.com|*.lazada.com|lazada.sg|*.lazada.sg|lazada.vn|*.lazada.vn|ltao.com|*.ltao.com|mayibank.net|*.mayibank.net|mini-code.com|*.mini-code.com|mini.dev|*.mini.dev|miniapp.dev|*.miniapp.dev|miniprogram.dev|*.miniprogram.dev|miravia.net|*.miravia.net|mmstat.com|*.mmstat.com|mybank-corp.cn|*.mybank-corp.cn|nlark.com|*.nlark.com|oceanbase-dev.com|*.oceanbase-dev.com|oceanbase.com|*.oceanbase.com|qq.com|*.qq.com|rajax-inc.com|*.rajax-inc.com|rajax-inc.net|*.rajax-inc.net|rajax.me|*.rajax.me|shishike.com|*.shishike.com|sm.cn|*.sm.cn|t-head.cn|*.t-head.cn|taobao.com|*.taobao.com|taobao.net|*.taobao.net|taobao.org|*.taobao.org|taotian.com|*.taotian.com|tbcdn.cn|*.tbcdn.cn|tbsite.net|*.tbsite.net|tmall.com|*.tmall.com|tmall.net|*.tmall.net|ucweb.local|*.ucweb.local|weiyun.com|*.weiyun.com|wz-inc.com|*.wz-inc.com|yisou.com|*.yisou.com|yunos-inc.com|*.yunos-inc.com|yunos.com|*.yunos.com|yuque.com|*.yuque.com|zkobjects.com|*.zkobjects.com|zmxy-corp.com.cn|*.zmxy-corp.com.cn|cloudprinter-hz.taobao.ali.com|*.cloudprinter-hz.taobao.ali.com|done.cdn.alibabadesign.com|*.done.cdn.alibabadesign.com|h5.dingtalk.com|*.h5.dingtalk.com|weibo.com|*.weibo.com"/>
    <property name="jdk.debug" value="release"/>
    <property name="surefire.test.class.path" value="/Users/zongz/Workspace/JavaTest/my-app/target/test-classes:/Users/zongz/Workspace/JavaTest/my-app/target/classes:/Users/zongz/.m2/repository/junit/junit/3.8.1/junit-3.8.1.jar:"/>
    <property name="sun.cpu.endian" value="little"/>
    <property name="user.home" value="/Users/zongz"/>
    <property name="user.language" value="en"/>
    <property name="java.specification.vendor" value="Oracle Corporation"/>
    <property name="java.version.date" value="2024-01-16"/>
    <property name="java.home" value="/opt/homebrew/Cellar/openjdk/21.0.2/libexec/openjdk.jdk/Contents/Home"/>
    <property name="file.separator" value="/"/>
    <property name="basedir" value="/Users/zongz/Workspace/JavaTest/my-app"/>
    <property name="java.vm.compressedOopsMode" value="Zero based"/>
    <property name="line.separator" value="&#10;"/>
    <property name="java.vm.specification.vendor" value="Oracle Corporation"/>
    <property name="java.specification.name" value="Java Platform API Specification"/>
    <property name="apple.awt.application.name" value="ForkedBooter"/>
    <property name="surefire.real.class.path" value="/Users/zongz/Workspace/JavaTest/my-app/target/surefire/surefirebooter-20240418180544780_3.jar"/>
    <property name="sun.management.compiler" value="HotSpot 64-Bit Tiered Compilers"/>
    <property name="ftp.nonProxyHosts" value="360.cn|*.360.cn|ali.com|*.ali.com|alibaba-inc.com|*.alibaba-inc.com|alibaba.com|*.alibaba.com|alibaba.net|*.alibaba.net|alibabacorp.com|*.alibabacorp.com|alicdn.com|*.alicdn.com|alikunlun.com|*.alikunlun.com|alipay-corp.com|*.alipay-corp.com|alipay-inc.com|*.alipay-inc.com|alipay.com|*.alipay.com|alipay.net|*.alipay.net|alipayobjects.com|*.alipayobjects.com|alistatic.com|*.alistatic.com|alitrip.com|*.alitrip.com|aliway.com|*.aliway.com|aliyun-inc.com|*.aliyun-inc.com|aliyun.com|*.aliyun.com|aliyuncs.com|*.aliyuncs.com|alizoo.com|*.alizoo.com|amap.com|*.amap.com|antdigital.com|*.antdigital.com|antfin-inc.com|*.antfin-inc.com|antfin.com|*.antfin.com|antfinancial-corp.com|*.antfinancial-corp.com|antgroup-inc.cn|*.antgroup-inc.cn|antsdaq-corp.com|*.antsdaq-corp.com|anyproxy.io|*.anyproxy.io|appx.dev|*.appx.dev|appx.run|*.appx.run|apsaraun.com|*.apsaraun.com|atatech.org|*.atatech.org|axintrip.com|*.axintrip.com|baidu.com|*.baidu.com|cainiao-inc.com|*.cainiao-inc.com|cnzz.com|*.cnzz.com|dingtalk.com|*.dingtalk.com|dingtalkapps.com|*.dingtalkapps.com|drophone-hive.com|*.drophone-hive.com|drophone.com|*.drophone.com|ebanma.com|*.ebanma.com|effirst.com|*.effirst.com|ele.me|*.ele.me|ele.to|*.ele.to|eleme.cn|*.eleme.cn|eleme.com.cn|*.eleme.com.cn|eleme.io|*.eleme.io|elemecdn.cn|*.elemecdn.cn|elemecdn.com|*.elemecdn.com|elenet.me|*.elenet.me|fliggy.com|*.fliggy.com|gts.work|*.gts.work|hemaos.com|*.hemaos.com|ialicdn.com|*.ialicdn.com|keruyun.com|*.keruyun.com|koubei-corp.com|*.koubei-corp.com|laifengmi.com|*.laifengmi.com|lazada.com|*.lazada.com|lazada.sg|*.lazada.sg|lazada.vn|*.lazada.vn|ltao.com|*.ltao.com|mayibank.net|*.mayibank.net|mini-code.com|*.mini-code.com|mini.dev|*.mini.dev|miniapp.dev|*.miniapp.dev|miniprogram.dev|*.miniprogram.dev|miravia.net|*.miravia.net|mmstat.com|*.mmstat.com|mybank-corp.cn|*.mybank-corp.cn|nlark.com|*.nlark.com|oceanbase-dev.com|*.oceanbase-dev.com|oceanbase.com|*.oceanbase.com|qq.com|*.qq.com|rajax-inc.com|*.rajax-inc.com|rajax-inc.net|*.rajax-inc.net|rajax.me|*.rajax.me|shishike.com|*.shishike.com|sm.cn|*.sm.cn|t-head.cn|*.t-head.cn|taobao.com|*.taobao.com|taobao.net|*.taobao.net|taobao.org|*.taobao.org|taotian.com|*.taotian.com|tbcdn.cn|*.tbcdn.cn|tbsite.net|*.tbsite.net|tmall.com|*.tmall.com|tmall.net|*.tmall.net|ucweb.local|*.ucweb.local|weiyun.com|*.weiyun.com|wz-inc.com|*.wz-inc.com|yisou.com|*.yisou.com|yunos-inc.com|*.yunos-inc.com|yunos.com|*.yunos.com|yuque.com|*.yuque.com|zkobjects.com|*.zkobjects.com|zmxy-corp.com.cn|*.zmxy-corp.com.cn|cloudprinter-hz.taobao.ali.com|*.cloudprinter-hz.taobao.ali.com|done.cdn.alibabadesign.com|*.done.cdn.alibabadesign.com|h5.dingtalk.com|*.h5.dingtalk.com|weibo.com|*.weibo.com"/>
    <property name="java.runtime.version" value="21.0.2"/>
    <property name="user.name" value="zongz"/>
    <property name="stdout.encoding" value="UTF-8"/>
    <property name="path.separator" value=":"/>
    <property name="os.version" value="14.3.1"/>
    <property name="java.runtime.name" value="OpenJDK Runtime Environment"/>
    <property name="file.encoding" value="UTF-8"/>
    <property name="java.vm.name" value="OpenJDK 64-Bit Server VM"/>
    <property name="java.vendor.version" value="Homebrew"/>
    <property name="localRepository" value="/Users/zongz/.m2/repository"/>
    <property name="java.vendor.url.bug" value="https://github.com/Homebrew/homebrew-core/issues"/>
    <property name="java.io.tmpdir" value="/var/folders/yt/9fs5v0ls7_q4kn7dq3k6nz3h0000gp/T/"/>
    <property name="java.version" value="21.0.2"/>
    <property name="user.dir" value="/Users/zongz/Workspace/JavaTest/my-app"/>
    <property name="os.arch" value="aarch64"/>
    <property name="socksProxyPort" value="13659"/>
    <property name="java.vm.specification.name" value="Java Virtual Machine Specification"/>
    <property name="native.encoding" value="UTF-8"/>
    <property name="java.library.path" value="/Users/zongz/Library/Java/Extensions:/Library/Java/Extensions:/Network/Library/Java/Extensions:/System/Library/Java/Extensions:/usr/lib/java:."/>
    <property name="java.vm.info" value="mixed mode, sharing"/>
    <property name="stderr.encoding" value="UTF-8"/>
    <property name="java.vendor" value="Homebrew"/>
    <property name="java.vm.version" value="21.0.2"/>
    <property name="sun.io.unicode.encoding" value="UnicodeBig"/>
    <property name="socksNonProxyHosts" value="360.cn|*.360.cn|ali.com|*.ali.com|alibaba-inc.com|*.alibaba-inc.com|alibaba.com|*.alibaba.com|alibaba.net|*.alibaba.net|alibabacorp.com|*.alibabacorp.com|alicdn.com|*.alicdn.com|alikunlun.com|*.alikunlun.com|alipay-corp.com|*.alipay-corp.com|alipay-inc.com|*.alipay-inc.com|alipay.com|*.alipay.com|alipay.net|*.alipay.net|alipayobjects.com|*.alipayobjects.com|alistatic.com|*.alistatic.com|alitrip.com|*.alitrip.com|aliway.com|*.aliway.com|aliyun-inc.com|*.aliyun-inc.com|aliyun.com|*.aliyun.com|aliyuncs.com|*.aliyuncs.com|alizoo.com|*.alizoo.com|amap.com|*.amap.com|antdigital.com|*.antdigital.com|antfin-inc.com|*.antfin-inc.com|antfin.com|*.antfin.com|antfinancial-corp.com|*.antfinancial-corp.com|antgroup-inc.cn|*.antgroup-inc.cn|antsdaq-corp.com|*.antsdaq-corp.com|anyproxy.io|*.anyproxy.io|appx.dev|*.appx.dev|appx.run|*.appx.run|apsaraun.com|*.apsaraun.com|atatech.org|*.atatech.org|axintrip.com|*.axintrip.com|baidu.com|*.baidu.com|cainiao-inc.com|*.cainiao-inc.com|cnzz.com|*.cnzz.com|dingtalk.com|*.dingtalk.com|dingtalkapps.com|*.dingtalkapps.com|drophone-hive.com|*.drophone-hive.com|drophone.com|*.drophone.com|ebanma.com|*.ebanma.com|effirst.com|*.effirst.com|ele.me|*.ele.me|ele.to|*.ele.to|eleme.cn|*.eleme.cn|eleme.com.cn|*.eleme.com.cn|eleme.io|*.eleme.io|elemecdn.cn|*.elemecdn.cn|elemecdn.com|*.elemecdn.com|elenet.me|*.elenet.me|fliggy.com|*.fliggy.com|gts.work|*.gts.work|hemaos.com|*.hemaos.com|ialicdn.com|*.ialicdn.com|keruyun.com|*.keruyun.com|koubei-corp.com|*.koubei-corp.com|laifengmi.com|*.laifengmi.com|lazada.com|*.lazada.com|lazada.sg|*.lazada.sg|lazada.vn|*.lazada.vn|ltao.com|*.ltao.com|mayibank.net|*.mayibank.net|mini-code.com|*.mini-code.com|mini.dev|*.mini.dev|miniapp.dev|*.miniapp.dev|miniprogram.dev|*.miniprogram.dev|miravia.net|*.miravia.net|mmstat.com|*.mmstat.com|mybank-corp.cn|*.mybank-corp.cn|nlark.com|*.nlark.com|oceanbase-dev.com|*.oceanbase-dev.com|oceanbase.com|*.oceanbase.com|qq.com|*.qq.com|rajax-inc.com|*.rajax-inc.com|rajax-inc.net|*.rajax-inc.net|rajax.me|*.rajax.me|shishike.com|*.shishike.com|sm.cn|*.sm.cn|t-head.cn|*.t-head.cn|taobao.com|*.taobao.com|taobao.net|*.taobao.net|taobao.org|*.taobao.org|taotian.com|*.taotian.com|tbcdn.cn|*.tbcdn.cn|tbsite.net|*.tbsite.net|tmall.com|*.tmall.com|tmall.net|*.tmall.net|ucweb.local|*.ucweb.local|weiyun.com|*.weiyun.com|wz-inc.com|*.wz-inc.com|yisou.com|*.yisou.com|yunos-inc.com|*.yunos-inc.com|yunos.com|*.yunos.com|yuque.com|*.yuque.com|zkobjects.com|*.zkobjects.com|zmxy-corp.com.cn|*.zmxy-corp.com.cn|cloudprinter-hz.taobao.ali.com|*.cloudprinter-hz.taobao.ali.com|done.cdn.alibabadesign.com|*.done.cdn.alibabadesign.com|h5.dingtalk.com|*.h5.dingtalk.com|weibo.com|*.weibo.com"/>
    <property name="java.class.version" value="65.0"/>
  </properties>
  <testcase name="testApp" classname="com.mycompany.app.AppTest" time="0.001"/>
</testsuite>